
==================================  clusters  ==================================
No	model	n_sites	position	ref.
1	clus	4	(0,0,0)	0

===================================  sites  ====================================
No	cluster	No in cluster	band	position
1	1	1	1	(0,0,0)
2	1	2	1	(1,0,0)
3	1	3	1	(0,1,0)
4	1	4	1	(1,1,0)

..................................  NN bonds  ..................................
No	cluster	No in cluster	band	position
2	(1,0,0)	1	(0,0,0)
3	(0,1,0)	1	(0,0,0)
4	(1,1,0)	2	(1,0,0)
4	(1,1,0)	3	(0,1,0)

...................................  bases  ....................................
dual:
(6.28319,0,0)
(0,6.28319,0)
(0,0,0.00306796)

phys:
(1,0,0)
(0,1,0)
(0,0,1)

physdual:
(6.28319,0,0)
(0,6.28319,0)
(0,0,6.28319)

superdual:
(3.14159,0,0)
(0,3.14159,0)
(0,0,0.00306796)

superlattice:
Dimension 2
(2,0,0)
(0,2,0)
lattice transformation matrix:
0.5	0	0	
0	0.5	0	
0	0	0.000488281	



unit_cell:
Dimension 2
(1,0,0)
(0,1,0)
lattice transformation matrix:
1	0	0	
0	1	0	
0	0	0.000488281	




.................................  neighbors  ..................................
1 : (1,0,0)
2 : (-1,0,0)
3 : (0,1,0)
4 : (0,-1,0)

=============================  lattice operators  ==============================

U	(Hubbard or extended Hubbard)	norm = 0.25
elements (primitive form):
(1+,1-;0) : 1
(2+,2-;0) : 1
(3+,3-;0) : 1
(4+,4-;0) : 1

V	(Hubbard or extended Hubbard)	norm = 0.25
elements (primitive form):
(1+,2+;0) : 1
(1-,2+;0) : 1
(1+,3+;0) : 1
(1-,3+;0) : 1
(2+,4+;0) : 1
(3+,4+;0) : 1
(2-,4+;0) : 1
(3-,4+;0) : 1
(1+,2-;0) : 1
(1-,2-;0) : 1
(1+,3-;0) : 1
(1-,3-;0) : 1
(2+,4-;0) : 1
(3+,4-;0) : 1
(2-,4-;0) : 1
(3-,4-;0) : 1
(2+,1+;1) : 1
(2-,1+;1) : 1
(4+,3+;1) : 1
(4-,3+;1) : 1
(2+,1-;1) : 1
(2-,1-;1) : 1
(4+,3-;1) : 1
(4-,3-;1) : 1
(3+,1+;3) : 1
(3-,1+;3) : 1
(4+,2+;3) : 1
(4-,2+;3) : 1
(3+,1-;3) : 1
(3-,1-;3) : 1
(4+,2-;3) : 1
(4-,2-;3) : 1

mu	(one-body)	norm = -0.25	Nambu correction = -4	Nambu correction (full) = -8
elements (primitive form):
(1+,1+;0) : -1
(2+,2+;0) : -1
(3+,3+;0) : -1
(4+,4+;0) : -1
(1-,1-;0) : -1
(2-,2-;0) : -1
(3-,3-;0) : -1
(4-,4-;0) : -1
elements (in Green function basis):
[1,1] : -1
[2,2] : -1
[3,3] : -1
[4,4] : -1

t	(one-body)	norm = 0.25
elements (primitive form):
(2+,1+;0) : -1
(3+,1+;0) : -1
(1+,2+;0) : -1
(4+,2+;0) : -1
(1+,3+;0) : -1
(4+,3+;0) : -1
(2+,4+;0) : -1
(3+,4+;0) : -1
(2-,1-;0) : -1
(3-,1-;0) : -1
(1-,2-;0) : -1
(4-,2-;0) : -1
(1-,3-;0) : -1
(4-,3-;0) : -1
(2-,4-;0) : -1
(3-,4-;0) : -1
(2+,1+;1) : -1
(4+,3+;1) : -1
(2-,1-;1) : -1
(4-,3-;1) : -1
(1+,2+;2) : -1
(3+,4+;2) : -1
(1-,2-;2) : -1
(3-,4-;2) : -1
(3+,1+;3) : -1
(4+,2+;3) : -1
(3-,1-;3) : -1
(4-,2-;3) : -1
(1+,3+;4) : -1
(2+,4+;4) : -1
(1-,3-;4) : -1
(2-,4-;4) : -1
elements (in Green function basis):
[2,1] : -1
[3,1] : -1
[1,2] : -1
[4,2] : -1
[1,3] : -1
[4,3] : -1
[2,4] : -1
[3,4] : -1
[2,1,(1,0,0)] : -1
[4,3,(1,0,0)] : -1
[1,2,(-1,0,0)] : -1
[3,4,(-1,0,0)] : -1
[3,1,(0,1,0)] : -1
[4,2,(0,1,0)] : -1
[1,3,(0,-1,0)] : -1
[2,4,(0,-1,0)] : -1

*******************************  cluster models  *******************************

--------------------------------  cluster clus  --------------------------------
generators
1 : (0, 1, 2, 3)

group elements
1 : (0, 1, 2, 3)

Symmetric orbitals:
(1,0)	(0,0)	(0,0)	(0,0)	
(0,0)	(1,0)	(0,0)	(0,0)	
(0,0)	(0,0)	(1,0)	(0,0)	
(0,0)	(0,0)	(0,0)	(1,0)	



phases according to the different irreps:
0	



phaseR:
(1, -1)

phaseC:
((1,0), (-1,1.22465e-16))


interaction operator U	 (target 1)
1	5	1
2	6	1
3	7	1
4	8	1

interaction operator V	 (target 1)
1	2	1
2	5	1
1	3	1
3	5	1
2	4	1
3	4	1
4	6	1
4	7	1
1	6	1
5	6	1
1	7	1
5	7	1
2	8	1
3	8	1
6	8	1
7	8	1

one-body operator mu	 (mixing 0, target 1)
1	1	-1
2	2	-1
3	3	-1
4	4	-1
5	5	-1
6	6	-1
7	7	-1
8	8	-1

one-body operator t	 (mixing 0, target 1)
1	2	-1
2	1	-1
1	3	-1
3	1	-1
2	4	-1
4	2	-1
3	4	-1
4	3	-1
5	6	-1
6	5	-1
5	7	-1
7	5	-1
6	8	-1
8	6	-1
7	8	-1
8	7	-1

==============================  model instances  ===============================


model instance no 0 based on clus
Symmetric orbitals:
1	[0:0:+]
2	[0:1:+]
3	[0:2:+]
4	[0:3:+]

U :	4
V :	1e-09
mu :	2
t :	1

hopping matrix:
-2	-1	-1	0	
-1	-2	0	-1	
-1	0	-2	-1	
0	-1	-1	-2	


